<?xml version="1.0" encoding="UTF-8"?>
<testng-results ignored="1" total="15" passed="12" failed="2" skipped="0">
  <reporter-output>
  </reporter-output>
  <suite started-at="2020-07-21T20:28:40 IST" name="Suite" finished-at="2020-07-21T20:31:14 IST" duration-ms="154070">
    <groups>
    </groups>
    <test started-at="2020-07-21T20:28:40 IST" name="Test" finished-at="2020-07-21T20:31:14 IST" duration-ms="154070">
      <class name="test_suite.NewTest">
        <test-method is-config="true" signature="NavigateToCMP()[pri:0, instance:test_suite.NewTest@4e7912d8]" started-at="2020-07-21T20:29:27 IST" name="NavigateToCMP" finished-at="2020-07-21T20:29:48 IST" duration-ms="21002" status="PASS">
          <reporter-output>
          </reporter-output>
        </test-method> <!-- NavigateToCMP -->
        <test-method signature="a_LoginToCMP_invalid_UserID()[pri:1, instance:test_suite.NewTest@4e7912d8]" started-at="2020-07-21T20:30:27 IST" name="a_LoginToCMP_invalid_UserID" finished-at="2020-07-21T20:30:30 IST" duration-ms="3264" status="PASS">
          <reporter-output>
          </reporter-output>
        </test-method> <!-- a_LoginToCMP_invalid_UserID -->
        <test-method signature="b_LoginToCMP_invalid_Password()[pri:2, instance:test_suite.NewTest@4e7912d8]" started-at="2020-07-21T20:30:30 IST" name="b_LoginToCMP_invalid_Password" finished-at="2020-07-21T20:30:36 IST" duration-ms="5945" status="PASS">
          <reporter-output>
          </reporter-output>
        </test-method> <!-- b_LoginToCMP_invalid_Password -->
        <test-method signature="LoginToCMP()[pri:3, instance:test_suite.NewTest@4e7912d8]" started-at="2020-07-21T20:30:36 IST" name="LoginToCMP" finished-at="2020-07-21T20:30:47 IST" duration-ms="10744" status="PASS">
          <reporter-output>
          </reporter-output>
        </test-method> <!-- LoginToCMP -->
        <test-method signature="Servers()[pri:5, instance:test_suite.NewTest@4e7912d8]" started-at="2020-07-21T20:30:47 IST" name="Servers" finished-at="2020-07-21T20:30:51 IST" duration-ms="4242" status="PASS">
          <reporter-output>
          </reporter-output>
        </test-method> <!-- Servers -->
        <test-method signature="Services()[pri:6, instance:test_suite.NewTest@4e7912d8]" started-at="2020-07-21T20:30:51 IST" name="Services" finished-at="2020-07-21T20:30:55 IST" duration-ms="4132" status="PASS">
          <reporter-output>
          </reporter-output>
        </test-method> <!-- Services -->
        <test-method signature="Groups()[pri:7, instance:test_suite.NewTest@4e7912d8]" started-at="2020-07-21T20:30:55 IST" name="Groups" finished-at="2020-07-21T20:31:00 IST" duration-ms="4568" status="FAIL">
          <exception class="org.openqa.selenium.NoSuchElementException">
            <message>
              <![CDATA[no such element: Unable to locate element: {"method":"css selector","selector":"#id_name"}
  (Session info: chrome=83.0.4103.116)
For documentation on this error, please visit: https://www.seleniumhq.org/exceptions/no_such_element.html
Build info: version: '3.141.59', revision: 'e82be7d358', time: '2018-11-14T08:25:48'
System info: host: 'DESKTOP-FE62LF4', ip: '192.168.56.1', os.name: 'Windows 10', os.arch: 'amd64', os.version: '10.0', java.version: '11.0.8'
Driver info: org.openqa.selenium.chrome.ChromeDriver
Capabilities {acceptInsecureCerts: false, browserName: chrome, browserVersion: 83.0.4103.116, chrome: {chromedriverVersion: 83.0.4103.39 (ccbf011cb2d2b..., userDataDir: C:\Users\HP\AppData\Local\T...}, goog:chromeOptions: {debuggerAddress: localhost:8609}, javascriptEnabled: true, networkConnectionEnabled: false, pageLoadStrategy: normal, platform: WINDOWS, platformName: WINDOWS, proxy: Proxy(), setWindowRect: true, strictFileInteractability: false, timeouts: {implicit: 0, pageLoad: 300000, script: 30000}, unhandledPromptBehavior: dismiss and notify, webauthn:virtualAuthenticators: true}
Session ID: 443b7ab10d7d2fdedc1f0d7338a0c12c
*** Element info: {Using=id, value=id_name}]]>
            </message>
            <full-stacktrace>
              <![CDATA[org.openqa.selenium.NoSuchElementException: no such element: Unable to locate element: {"method":"css selector","selector":"#id_name"}
  (Session info: chrome=83.0.4103.116)
For documentation on this error, please visit: https://www.seleniumhq.org/exceptions/no_such_element.html
Build info: version: '3.141.59', revision: 'e82be7d358', time: '2018-11-14T08:25:48'
System info: host: 'DESKTOP-FE62LF4', ip: '192.168.56.1', os.name: 'Windows 10', os.arch: 'amd64', os.version: '10.0', java.version: '11.0.8'
Driver info: org.openqa.selenium.chrome.ChromeDriver
Capabilities {acceptInsecureCerts: false, browserName: chrome, browserVersion: 83.0.4103.116, chrome: {chromedriverVersion: 83.0.4103.39 (ccbf011cb2d2b..., userDataDir: C:\Users\HP\AppData\Local\T...}, goog:chromeOptions: {debuggerAddress: localhost:8609}, javascriptEnabled: true, networkConnectionEnabled: false, pageLoadStrategy: normal, platform: WINDOWS, platformName: WINDOWS, proxy: Proxy(), setWindowRect: true, strictFileInteractability: false, timeouts: {implicit: 0, pageLoad: 300000, script: 30000}, unhandledPromptBehavior: dismiss and notify, webauthn:virtualAuthenticators: true}
Session ID: 443b7ab10d7d2fdedc1f0d7338a0c12c
*** Element info: {Using=id, value=id_name}
at java.base/jdk.internal.reflect.NativeConstructorAccessorImpl.newInstance0(Native Method)
at java.base/jdk.internal.reflect.NativeConstructorAccessorImpl.newInstance(NativeConstructorAccessorImpl.java:62)
at java.base/jdk.internal.reflect.DelegatingConstructorAccessorImpl.newInstance(DelegatingConstructorAccessorImpl.java:45)
at java.base/java.lang.reflect.Constructor.newInstance(Constructor.java:490)
at org.openqa.selenium.remote.http.W3CHttpResponseCodec.createException(W3CHttpResponseCodec.java:187)
at org.openqa.selenium.remote.http.W3CHttpResponseCodec.decode(W3CHttpResponseCodec.java:122)
at org.openqa.selenium.remote.http.W3CHttpResponseCodec.decode(W3CHttpResponseCodec.java:49)
at org.openqa.selenium.remote.HttpCommandExecutor.execute(HttpCommandExecutor.java:158)
at org.openqa.selenium.remote.service.DriverCommandExecutor.execute(DriverCommandExecutor.java:83)
at org.openqa.selenium.remote.RemoteWebDriver.execute(RemoteWebDriver.java:552)
at org.openqa.selenium.remote.RemoteWebDriver.findElement(RemoteWebDriver.java:323)
at org.openqa.selenium.remote.RemoteWebDriver.findElementById(RemoteWebDriver.java:372)
at org.openqa.selenium.By$ById.findElement(By.java:188)
at org.openqa.selenium.remote.RemoteWebDriver.findElement(RemoteWebDriver.java:315)
at test_suite.NewTest.Groups(NewTest.java:116)
at java.base/jdk.internal.reflect.NativeMethodAccessorImpl.invoke0(Native Method)
at java.base/jdk.internal.reflect.NativeMethodAccessorImpl.invoke(NativeMethodAccessorImpl.java:62)
at java.base/jdk.internal.reflect.DelegatingMethodAccessorImpl.invoke(DelegatingMethodAccessorImpl.java:43)
at java.base/java.lang.reflect.Method.invoke(Method.java:566)
at org.testng.internal.MethodInvocationHelper.invokeMethod(MethodInvocationHelper.java:135)
at org.testng.internal.TestInvoker.invokeMethod(TestInvoker.java:598)
at org.testng.internal.TestInvoker.invokeTestMethod(TestInvoker.java:174)
at org.testng.internal.MethodRunner.runInSequence(MethodRunner.java:46)
at org.testng.internal.TestInvoker$MethodInvocationAgent.invoke(TestInvoker.java:821)
at org.testng.internal.TestInvoker.invokeTestMethods(TestInvoker.java:147)
at org.testng.internal.TestMethodWorker.invokeTestMethods(TestMethodWorker.java:146)
at org.testng.internal.TestMethodWorker.run(TestMethodWorker.java:128)
at java.base/java.util.ArrayList.forEach(ArrayList.java:1541)
at org.testng.TestRunner.privateRun(TestRunner.java:767)
at org.testng.TestRunner.run(TestRunner.java:588)
at org.testng.SuiteRunner.runTest(SuiteRunner.java:384)
at org.testng.SuiteRunner.runSequentially(SuiteRunner.java:378)
at org.testng.SuiteRunner.privateRun(SuiteRunner.java:337)
at org.testng.SuiteRunner.run(SuiteRunner.java:286)
at org.testng.SuiteRunnerWorker.runSuite(SuiteRunnerWorker.java:53)
at org.testng.SuiteRunnerWorker.run(SuiteRunnerWorker.java:96)
at org.testng.TestNG.runSuitesSequentially(TestNG.java:1214)
at org.testng.TestNG.runSuitesLocally(TestNG.java:1136)
at org.testng.TestNG.runSuites(TestNG.java:1066)
at org.testng.TestNG.run(TestNG.java:1034)
at org.testng.remote.AbstractRemoteTestNG.run(AbstractRemoteTestNG.java:115)
at org.testng.remote.RemoteTestNG.initAndRun(RemoteTestNG.java:251)
at org.testng.remote.RemoteTestNG.main(RemoteTestNG.java:77)
]]>
            </full-stacktrace>
          </exception> <!-- org.openqa.selenium.NoSuchElementException -->
          <reporter-output>
          </reporter-output>
        </test-method> <!-- Groups -->
        <test-method is-config="true" signature="Logout()[pri:0, instance:test_suite.NewTest@4e7912d8]" started-at="2020-07-21T20:31:11 IST" name="Logout" finished-at="2020-07-21T20:31:14 IST" duration-ms="3293" status="PASS">
          <reporter-output>
          </reporter-output>
        </test-method> <!-- Logout -->
      </class> <!-- test_suite.NewTest -->
      <class name="test_suite.LoginAsDeveOpsAdmin">
        <test-method is-config="true" signature="NavigateToCMP()[pri:0, instance:test_suite.LoginAsDeveOpsAdmin@696da30b]" started-at="2020-07-21T20:28:40 IST" name="NavigateToCMP" finished-at="2020-07-21T20:29:06 IST" duration-ms="25698" status="PASS">
          <reporter-output>
          </reporter-output>
        </test-method> <!-- NavigateToCMP -->
        <test-method signature="LoginToCMP()[pri:1, instance:test_suite.LoginAsDeveOpsAdmin@696da30b]" started-at="2020-07-21T20:30:06 IST" name="LoginToCMP" finished-at="2020-07-21T20:30:14 IST" duration-ms="8152" status="PASS">
          <reporter-output>
          </reporter-output>
        </test-method> <!-- LoginToCMP -->
        <test-method signature="Servers()[pri:2, instance:test_suite.LoginAsDeveOpsAdmin@696da30b]" started-at="2020-07-21T20:30:14 IST" name="Servers" finished-at="2020-07-21T20:30:18 IST" duration-ms="3836" status="PASS">
          <reporter-output>
          </reporter-output>
        </test-method> <!-- Servers -->
        <test-method signature="Services()[pri:3, instance:test_suite.LoginAsDeveOpsAdmin@696da30b]" started-at="2020-07-21T20:30:18 IST" name="Services" finished-at="2020-07-21T20:30:21 IST" duration-ms="3149" status="FAIL">
          <exception class="org.openqa.selenium.NoSuchElementException">
            <message>
              <![CDATA[no such element: Unable to locate element: {"method":"link text","selector":"Services"}
  (Session info: chrome=83.0.4103.116)
For documentation on this error, please visit: https://www.seleniumhq.org/exceptions/no_such_element.html
Build info: version: '3.141.59', revision: 'e82be7d358', time: '2018-11-14T08:25:48'
System info: host: 'DESKTOP-FE62LF4', ip: '192.168.56.1', os.name: 'Windows 10', os.arch: 'amd64', os.version: '10.0', java.version: '11.0.8'
Driver info: org.openqa.selenium.chrome.ChromeDriver
Capabilities {acceptInsecureCerts: false, browserName: chrome, browserVersion: 83.0.4103.116, chrome: {chromedriverVersion: 83.0.4103.39 (ccbf011cb2d2b..., userDataDir: C:\Users\HP\AppData\Local\T...}, goog:chromeOptions: {debuggerAddress: localhost:8545}, javascriptEnabled: true, networkConnectionEnabled: false, pageLoadStrategy: normal, platform: WINDOWS, platformName: WINDOWS, proxy: Proxy(), setWindowRect: true, strictFileInteractability: false, timeouts: {implicit: 0, pageLoad: 300000, script: 30000}, unhandledPromptBehavior: dismiss and notify, webauthn:virtualAuthenticators: true}
Session ID: 5d64c4f1e34e0657079aea9493c8c48d
*** Element info: {Using=link text, value=Services}]]>
            </message>
            <full-stacktrace>
              <![CDATA[org.openqa.selenium.NoSuchElementException: no such element: Unable to locate element: {"method":"link text","selector":"Services"}
  (Session info: chrome=83.0.4103.116)
For documentation on this error, please visit: https://www.seleniumhq.org/exceptions/no_such_element.html
Build info: version: '3.141.59', revision: 'e82be7d358', time: '2018-11-14T08:25:48'
System info: host: 'DESKTOP-FE62LF4', ip: '192.168.56.1', os.name: 'Windows 10', os.arch: 'amd64', os.version: '10.0', java.version: '11.0.8'
Driver info: org.openqa.selenium.chrome.ChromeDriver
Capabilities {acceptInsecureCerts: false, browserName: chrome, browserVersion: 83.0.4103.116, chrome: {chromedriverVersion: 83.0.4103.39 (ccbf011cb2d2b..., userDataDir: C:\Users\HP\AppData\Local\T...}, goog:chromeOptions: {debuggerAddress: localhost:8545}, javascriptEnabled: true, networkConnectionEnabled: false, pageLoadStrategy: normal, platform: WINDOWS, platformName: WINDOWS, proxy: Proxy(), setWindowRect: true, strictFileInteractability: false, timeouts: {implicit: 0, pageLoad: 300000, script: 30000}, unhandledPromptBehavior: dismiss and notify, webauthn:virtualAuthenticators: true}
Session ID: 5d64c4f1e34e0657079aea9493c8c48d
*** Element info: {Using=link text, value=Services}
at java.base/jdk.internal.reflect.NativeConstructorAccessorImpl.newInstance0(Native Method)
at java.base/jdk.internal.reflect.NativeConstructorAccessorImpl.newInstance(NativeConstructorAccessorImpl.java:62)
at java.base/jdk.internal.reflect.DelegatingConstructorAccessorImpl.newInstance(DelegatingConstructorAccessorImpl.java:45)
at java.base/java.lang.reflect.Constructor.newInstance(Constructor.java:490)
at org.openqa.selenium.remote.http.W3CHttpResponseCodec.createException(W3CHttpResponseCodec.java:187)
at org.openqa.selenium.remote.http.W3CHttpResponseCodec.decode(W3CHttpResponseCodec.java:122)
at org.openqa.selenium.remote.http.W3CHttpResponseCodec.decode(W3CHttpResponseCodec.java:49)
at org.openqa.selenium.remote.HttpCommandExecutor.execute(HttpCommandExecutor.java:158)
at org.openqa.selenium.remote.service.DriverCommandExecutor.execute(DriverCommandExecutor.java:83)
at org.openqa.selenium.remote.RemoteWebDriver.execute(RemoteWebDriver.java:552)
at org.openqa.selenium.remote.RemoteWebDriver.findElement(RemoteWebDriver.java:323)
at org.openqa.selenium.remote.RemoteWebDriver.findElementByLinkText(RemoteWebDriver.java:380)
at org.openqa.selenium.By$ByLinkText.findElement(By.java:220)
at org.openqa.selenium.remote.RemoteWebDriver.findElement(RemoteWebDriver.java:315)
at test_suite.LoginAsDeveOpsAdmin.Services(LoginAsDeveOpsAdmin.java:65)
at java.base/jdk.internal.reflect.NativeMethodAccessorImpl.invoke0(Native Method)
at java.base/jdk.internal.reflect.NativeMethodAccessorImpl.invoke(NativeMethodAccessorImpl.java:62)
at java.base/jdk.internal.reflect.DelegatingMethodAccessorImpl.invoke(DelegatingMethodAccessorImpl.java:43)
at java.base/java.lang.reflect.Method.invoke(Method.java:566)
at org.testng.internal.MethodInvocationHelper.invokeMethod(MethodInvocationHelper.java:135)
at org.testng.internal.TestInvoker.invokeMethod(TestInvoker.java:598)
at org.testng.internal.TestInvoker.invokeTestMethod(TestInvoker.java:174)
at org.testng.internal.MethodRunner.runInSequence(MethodRunner.java:46)
at org.testng.internal.TestInvoker$MethodInvocationAgent.invoke(TestInvoker.java:821)
at org.testng.internal.TestInvoker.invokeTestMethods(TestInvoker.java:147)
at org.testng.internal.TestMethodWorker.invokeTestMethods(TestMethodWorker.java:146)
at org.testng.internal.TestMethodWorker.run(TestMethodWorker.java:128)
at java.base/java.util.ArrayList.forEach(ArrayList.java:1541)
at org.testng.TestRunner.privateRun(TestRunner.java:767)
at org.testng.TestRunner.run(TestRunner.java:588)
at org.testng.SuiteRunner.runTest(SuiteRunner.java:384)
at org.testng.SuiteRunner.runSequentially(SuiteRunner.java:378)
at org.testng.SuiteRunner.privateRun(SuiteRunner.java:337)
at org.testng.SuiteRunner.run(SuiteRunner.java:286)
at org.testng.SuiteRunnerWorker.runSuite(SuiteRunnerWorker.java:53)
at org.testng.SuiteRunnerWorker.run(SuiteRunnerWorker.java:96)
at org.testng.TestNG.runSuitesSequentially(TestNG.java:1214)
at org.testng.TestNG.runSuitesLocally(TestNG.java:1136)
at org.testng.TestNG.runSuites(TestNG.java:1066)
at org.testng.TestNG.run(TestNG.java:1034)
at org.testng.remote.AbstractRemoteTestNG.run(AbstractRemoteTestNG.java:115)
at org.testng.remote.RemoteTestNG.initAndRun(RemoteTestNG.java:251)
at org.testng.remote.RemoteTestNG.main(RemoteTestNG.java:77)
]]>
            </full-stacktrace>
          </exception> <!-- org.openqa.selenium.NoSuchElementException -->
          <reporter-output>
          </reporter-output>
        </test-method> <!-- Services -->
        <test-method signature="Groups()[pri:4, instance:test_suite.LoginAsDeveOpsAdmin@696da30b]" started-at="2020-07-21T20:30:21 IST" name="Groups" finished-at="2020-07-21T20:30:27 IST" duration-ms="6104" status="PASS">
          <reporter-output>
          </reporter-output>
        </test-method> <!-- Groups -->
        <test-method is-config="true" signature="Logout()[pri:0, instance:test_suite.LoginAsDeveOpsAdmin@696da30b]" started-at="2020-07-21T20:31:00 IST" name="Logout" finished-at="2020-07-21T20:31:06 IST" duration-ms="6075" status="PASS">
          <reporter-output>
          </reporter-output>
        </test-method> <!-- Logout -->
      </class> <!-- test_suite.LoginAsDeveOpsAdmin -->
      <class name="test_suite.LoginAsDeveloper">
        <test-method is-config="true" signature="NavigateToCMP()[pri:0, instance:test_suite.LoginAsDeveloper@5fd4f8f5]" started-at="2020-07-21T20:29:06 IST" name="NavigateToCMP" finished-at="2020-07-21T20:29:27 IST" duration-ms="20924" status="PASS">
          <reporter-output>
          </reporter-output>
        </test-method> <!-- NavigateToCMP -->
        <test-method signature="LoginToCMP()[pri:1, instance:test_suite.LoginAsDeveloper@5fd4f8f5]" started-at="2020-07-21T20:29:48 IST" name="LoginToCMP" finished-at="2020-07-21T20:29:55 IST" duration-ms="7714" status="PASS">
          <reporter-output>
          </reporter-output>
        </test-method> <!-- LoginToCMP -->
        <test-method signature="Servers()[pri:2, instance:test_suite.LoginAsDeveloper@5fd4f8f5]" started-at="2020-07-21T20:29:55 IST" name="Servers" finished-at="2020-07-21T20:29:59 IST" duration-ms="3435" status="PASS">
          <reporter-output>
          </reporter-output>
        </test-method> <!-- Servers -->
        <test-method signature="Services()[pri:3, instance:test_suite.LoginAsDeveloper@5fd4f8f5]" started-at="2020-07-21T20:29:59 IST" name="Services" finished-at="2020-07-21T20:30:03 IST" duration-ms="4126" status="PASS">
          <reporter-output>
          </reporter-output>
        </test-method> <!-- Services -->
        <test-method signature="Groups()[pri:4, instance:test_suite.LoginAsDeveloper@5fd4f8f5]" started-at="2020-07-21T20:30:03 IST" name="Groups" finished-at="2020-07-21T20:30:06 IST" duration-ms="2447" status="PASS">
          <reporter-output>
          </reporter-output>
        </test-method> <!-- Groups -->
        <test-method is-config="true" signature="Logout()[pri:0, instance:test_suite.LoginAsDeveloper@5fd4f8f5]" started-at="2020-07-21T20:31:06 IST" name="Logout" finished-at="2020-07-21T20:31:11 IST" duration-ms="5004" status="PASS">
          <reporter-output>
          </reporter-output>
        </test-method> <!-- Logout -->
      </class> <!-- test_suite.LoginAsDeveloper -->
    </test> <!-- Test -->
  </suite> <!-- Suite -->
</testng-results>
